<?xml version="1.0" encoding="UTF-8"?>
<!-- Generated by org.testng.reporters.JUnitReportReporter -->
<testsuite hostname="LAPTOP-0HH19P32" failures="0" tests="1" name="com.TestNG.OrangeHRM" time="16.629" errors="0" timestamp="2020-08-18T14:18:56 EDT" skipped="0">
  <testcase classname="com.TestNG.OrangeHRM" name="login" time="16.629"/>
  <system-out/>
</testsuite> <!-- com.TestNG.OrangeHRM -->
