<?xml version="1.0" encoding="UTF-8"?>
<!-- Generated by org.testng.reporters.JUnitReportReporter -->
<testsuite hostname="LAPTOP-0HH19P32" failures="0" tests="3" name="com.TestNG.ParallelExecution" time="0.032" errors="0" timestamp="2020-08-18T13:23:27 EDT" skipped="0">
  <testcase classname="com.TestNG.ParallelExecution" name="TestCase1" time="0.020"/>
  <system-out/>
  <testcase classname="com.TestNG.ParallelExecution" name="TestCase2" time="0.007"/>
  <system-out/>
  <testcase classname="com.TestNG.ParallelExecution" name="TestCase3" time="0.005"/>
  <system-out/>
</testsuite> <!-- com.TestNG.ParallelExecution -->
