<?xml version="1.0" encoding="UTF-8"?>
<!-- Generated by org.testng.reporters.JUnitReportReporter -->
<testsuite hostname="LAPTOP-0HH19P32" failures="0" tests="1" name="com.TestNG.Authentification" time="8.958" errors="0" timestamp="2020-08-20T14:12:36 EDT" skipped="0">
  <testcase classname="com.TestNG.Authentification" name="actionOn" time="8.958"/>
  <system-out/>
</testsuite> <!-- com.TestNG.Authentification -->
