<?xml version="1.0" encoding="UTF-8"?>
<!-- Generated by org.testng.reporters.JUnitReportReporter -->
<testsuite hostname="LAPTOP-0HH19P32" failures="0" tests="2" name="TestNG.Assignment.CallwrapperTestng" time="2.004" errors="0" timestamp="2020-08-20T22:21:46 EDT" skipped="0">
  <testcase classname="TestNG.Assignment.CallwrapperTestng" name="screenshot" time="0.734"/>
  <system-out/>
  <testcase classname="TestNG.Assignment.CallwrapperTestng" name="login" time="1.270"/>
  <system-out/>
</testsuite> <!-- TestNG.Assignment.CallwrapperTestng -->
