<?xml version="1.0" encoding="UTF-8"?>
<!-- Generated by org.testng.reporters.JUnitReportReporter -->
<testsuite hostname="LAPTOP-0HH19P32" failures="0" tests="5" name="TestNG.Assignment.Datadriverorange" time="66.368" errors="0" timestamp="2020-08-20T22:08:56 EDT" skipped="0">
  <testcase classname="TestNG.Assignment.Datadriverorange" name="loginToOrangeHRM" time="12.623"/>
  <system-out/>
  <testcase classname="TestNG.Assignment.Datadriverorange" name="loginToOrangeHRM" time="13.142"/>
  <system-out/>
  <testcase classname="TestNG.Assignment.Datadriverorange" name="loginToOrangeHRM" time="15.368"/>
  <system-out/>
  <testcase classname="TestNG.Assignment.Datadriverorange" name="loginToOrangeHRM" time="12.323"/>
  <system-out/>
  <testcase classname="TestNG.Assignment.Datadriverorange" name="loginToOrangeHRM" time="12.912"/>
  <system-out/>
</testsuite> <!-- TestNG.Assignment.Datadriverorange -->
