<?xml version="1.0" encoding="UTF-8"?>
<!-- Generated by org.testng.reporters.JUnitReportReporter -->
<testsuite hostname="LAPTOP-0HH19P32" failures="0" tests="1" name="com.TestNG.DragandDrop" time="24.498" errors="0" timestamp="2020-08-19T15:11:05 EDT" skipped="0">
  <testcase classname="com.TestNG.DragandDrop" name="actionOn" time="24.498"/>
  <system-out/>
</testsuite> <!-- com.TestNG.DragandDrop -->
