<?xml version="1.0" encoding="UTF-8"?>
<!-- Generated by org.testng.reporters.JUnitReportReporter -->
<testsuite hostname="LAPTOP-0HH19P32" failures="0" tests="3" name="com.TestNG.ParallelExecution1" time="0.068" errors="0" timestamp="2020-08-18T13:23:27 EDT" skipped="0">
  <testcase classname="com.TestNG.ParallelExecution1" name="TestCase4" time="0.020"/>
  <system-out/>
  <testcase classname="com.TestNG.ParallelExecution1" name="TestCase6" time="0.038"/>
  <system-out/>
  <testcase classname="com.TestNG.ParallelExecution1" name="TestCase5" time="0.010"/>
  <system-out/>
</testsuite> <!-- com.TestNG.ParallelExecution1 -->
