<?xml version="1.0" encoding="UTF-8"?>
<!-- Generated by org.testng.reporters.JUnitReportReporter -->
<testsuite hostname="LAPTOP-0HH19P32" failures="0" tests="3" name="com.TestNG.PriortyTestCase" time="0.024" errors="0" timestamp="2020-08-18T13:07:49 EDT" skipped="0">
  <testcase classname="com.TestNG.PriortyTestCase" name="TestCase2" time="0.018"/>
  <system-out/>
  <testcase classname="com.TestNG.PriortyTestCase" name="TestCase3" time="0.003"/>
  <system-out/>
  <testcase classname="com.TestNG.PriortyTestCase" name="TestCase1" time="0.003"/>
  <system-out/>
</testsuite> <!-- com.TestNG.PriortyTestCase -->
