<?xml version="1.0" encoding="UTF-8"?>
<!-- Generated by org.testng.reporters.JUnitReportReporter -->
<testsuite hostname="LAPTOP-0HH19P32" failures="0" tests="2" name="TestNG.Assignment.CrossBrowserOrange" time="10.602" errors="0" timestamp="2020-08-20T21:55:59 EDT" skipped="0">
  <testcase classname="TestNG.Assignment.CrossBrowserOrange" name="orangehrm" time="5.444"/>
  <system-out/>
  <testcase classname="TestNG.Assignment.CrossBrowserOrange" name="orangehrm" time="5.158"/>
  <system-out/>
</testsuite> <!-- TestNG.Assignment.CrossBrowserOrange -->
