<?xml version="1.0" encoding="UTF-8"?>
<!-- Generated by org.testng.reporters.JUnitReportReporter -->
<testsuite hostname="LAPTOP-0HH19P32" failures="0" tests="1" name="com.TestNG.ExplicitWait" time="9.927" errors="0" timestamp="2020-08-20T12:51:29 EDT" skipped="0">
  <testcase classname="com.TestNG.ExplicitWait" name="login" time="9.927"/>
  <system-out/>
</testsuite> <!-- com.TestNG.ExplicitWait -->
