<?xml version="1.0" encoding="UTF-8"?>
<!-- Generated by org.testng.reporters.JUnitReportReporter -->
<testsuite hostname="LAPTOP-0HH19P32" failures="0" tests="2" name="com.TestNG.CrossBrowser" time="9.887" errors="0" timestamp="2020-08-20T13:50:45 EDT" skipped="0">
  <testcase classname="com.TestNG.CrossBrowser" name="facebook" time="7.257"/>
  <system-out/>
  <testcase classname="com.TestNG.CrossBrowser" name="facebook" time="2.630"/>
  <system-out/>
</testsuite> <!-- com.TestNG.CrossBrowser -->
