<?xml version="1.0" encoding="UTF-8"?>
<!-- Generated by org.testng.reporters.JUnitReportReporter -->
<testsuite hostname="LAPTOP-0HH19P32" failures="0" tests="3" name="com.TestNG.dependsupongroup$PriortyTestCase" time="0.013" errors="0" timestamp="2020-08-19T16:54:33 EDT" skipped="0">
  <testcase classname="com.TestNG.dependsupongroup$PriortyTestCase" name="TestCase2" time="0.002"/>
  <system-out/>
  <testcase classname="com.TestNG.dependsupongroup$PriortyTestCase" name="TestCase1" time="0.009"/>
  <system-out/>
  <testcase classname="com.TestNG.dependsupongroup$PriortyTestCase" name="TestCase3" time="0.002"/>
  <system-out/>
</testsuite> <!-- com.TestNG.dependsupongroup$PriortyTestCase -->
